2015-06-27 0.000 0.633
2015-07-04 4.000 1.633
2015-07-24 3.667 2.612
2015-07-27 4.500 1.980
2015-08-03 5.500 1.980
2015-08-06 4.833 2.571
2015-08-13 4.417 3.571
2015-08-16 4.850 4.571
2015-08-23 6.300 4.592
2015-08-26 6.117 4.694
2015-09-02 6.067 3.694
2015-09-05 6.083 3.102
2015-09-12 7.500 2.143
2015-09-15 5.833 2.000
2015-09-22 0.000 1.000
2015-09-25 0.000 0.898
2015-10-12 0.000 0.857
2015-10-22 0.000 0.020
2015-11-21 4.000 1.000
2016-01-13 1.000 0.061
2016-01-20 1.000 0.265
2016-01-23 1.000 0.286
2016-02-12 1.000 0.265
2016-02-19 0.000 0.061
2016-02-22 0.000 0.041
2016-03-10 3.500 0.551
2016-03-13 4.000 0.510
2016-04-09 0.000 0.224
2016-04-12 2.500 1.163
2016-04-22 2.500 1.367
2016-04-29 2.500 1.469
2016-05-02 4.750 2.469
2016-05-09 6.167 3.102
2016-05-12 6.167 3.020
2016-05-19 5.983 3.102
2016-05-22 6.150 2.898
2016-05-29 6.233 2.959
2016-06-01 5.250 1.959
2016-06-08 4.750 2.102
2016-06-11 5.333 1.265
2016-06-18 5.000 1.510
2016-06-28 4.667 1.918
2016-07-11 4.333 1.959
2016-07-18 4.167 2.204
2016-07-21 3.650 3.204
2016-07-28 3.400 2.816
2016-07-31 3.333 3.735
2016-08-07 3.000 3.347
2016-08-10 3.100 3.408
2016-08-17 3.667 2.837
2016-08-20 4.500 2.163
2016-08-27 4.900 2.980
2016-08-30 4.483 2.571
2016-09-06 5.950 2.816
2016-09-09 5.867 3.020
2016-09-16 6.067 3.898
2016-09-19 5.250 4.531
2016-09-26 5.867 4.224
2016-09-29 6.400 3.714
2016-10-06 4.583 3.429
2016-10-09 4.750 3.102
2016-10-16 4.667 2.224
2016-10-19 4.500 1.265
2016-10-26 3.000 1.020
2016-10-29 3.500 1.469
2016-11-05 2.000 1.082
2016-11-08 2.000 1.143
2016-11-25 2.000 0.714
2016-11-28 1.000 1.224
2016-12-05 1.000 1.041
2016-12-08 1.000 0.980
2016-12-25 1.000 0.959
2017-01-14 2.000 0.510
2017-01-24 2.500 0.878
2017-01-27 3.000 1.306
2017-02-06 3.000 1.327
2017-02-13 2.500 1.224
2017-02-16 4.333 1.592
2017-02-23 5.667 2.000
2017-02-26 4.833 1.571
2017-03-05 4.833 2.204
2017-03-08 4.667 2.204
2017-03-15 6.000 1.939
2017-03-18 4.500 1.673
2017-03-25 2.000 1.122
2017-03-28 3.500 2.082
2017-04-04 3.500 2.449
2017-04-07 3.583 2.837
2017-04-14 3.667 2.694
2017-04-17 3.933 3.020
2017-04-24 4.500 2.796
2017-04-27 5.833 2.245
2017-05-04 5.333 2.245
2017-05-07 5.417 2.531
2017-05-17 4.500 2.102
2017-05-24 6.250 3.102
2017-05-27 6.167 3.694
2017-06-03 6.333 2.694
2017-06-06 5.167 2.571
2017-06-23 3.167 2.204
2017-06-26 3.000 1.918
2017-07-01 3.000 2.306
2017-07-03 3.833 2.857
2017-07-06 6.750 3.286
2017-07-08 7.067 3.510
2017-07-13 6.900 3.653
2017-07-16 6.833 3.980
2017-07-18 6.450 4.122
2017-07-21 6.379 4.714
2017-07-23 6.688 4.633
2017-07-26 6.700 3.918
2017-07-28 6.650 3.939
2017-07-31 6.329 4.122
2017-08-02 6.683 3.735
2017-08-05 4.600 2.837
2017-08-07 3.517 2.980
2017-08-12 3.567 2.980
2017-08-15 3.650 2.735
2017-08-17 4.950 3.490
2017-08-20 5.483 3.735
2017-08-22 5.283 3.286
2017-08-27 5.517 3.735
2017-08-30 6.083 4.163
2017-09-01 6.031 4.959
2017-09-04 6.102 4.857
2017-09-06 6.000 4.510
2017-09-11 6.167 4.510
2017-09-14 6.200 4.429
2017-09-16 6.267 3.531
2017-09-19 5.917 2.694
2017-09-21 4.700 3.000
2017-09-24 5.600 3.612
2017-09-26 5.217 3.857
2017-09-29 4.833 2.857
2017-10-01 4.667 1.980
2017-10-04 5.917 2.980
2017-10-06 5.783 3.020
2017-10-09 5.933 3.224
2017-10-11 6.319 3.714
2017-10-14 6.486 3.898
2017-10-16 6.571 4.898
2017-10-19 6.267 5.898
2017-10-21 6.212 6.102
2017-10-24 5.790 5.490
2017-10-26 6.143 4.776
2017-10-29 6.143 4.796
2017-10-31 5.714 5.694
2017-11-03 4.805 5.694
2017-11-05 4.876 5.633
2017-11-08 5.055 6.204
2017-11-10 4.271 6.163
2017-11-13 4.876 6.980
2017-11-15 4.457 6.020
2017-11-18 4.650 5.020
2017-11-20 5.000 4.408
2017-11-28 5.000 4.388
2017-11-30 4.283 3.959
2017-12-03 5.000 2.959
2017-12-08 4.333 2.184
2017-12-10 4.833 1.592
2017-12-13 2.000 0.592
2017-12-15 2.000 0.551
2018-01-09 0.000 0.041
2018-01-19 2.000 0.959
2018-01-27 3.333 1.959
2018-02-06 3.000 2.531
2018-02-08 3.167 2.531
2018-02-18 4.000 1.633
2018-02-21 4.000 1.837
2018-02-26 1.000 0.980
2018-02-28 2.500 1.714
2018-03-03 2.167 1.918
2018-03-08 2.333 1.347
2018-03-10 2.333 1.306
2018-03-15 1.833 1.796
2018-03-18 1.417 2.796
2018-03-20 1.283 3.776
2018-03-23 1.083 3.571
2018-03-25 1.617 4.571
2018-03-28 2.450 5.429
2018-03-30 2.333 5.694
2018-04-02 2.176 6.265
2018-04-07 2.176 6.327
2018-04-12 2.667 7.327
2018-04-14 2.857 7.837
2018-04-17 3.256 7.592
2018-04-19 4.524 7.531
2018-04-22 4.327 8.367
2018-04-24 4.661 7.796
2018-04-27 4.565 7.102
2018-04-29 5.083 6.102
2018-05-02 5.800 5.327
2018-05-04 5.842 5.449
2018-05-07 5.670 6.388
2018-05-09 6.464 7.388
2018-05-12 5.994 7.388
2018-05-14 6.992 7.388
2018-05-17 7.138 6.898
2018-05-19 6.293 6.959
2018-05-22 6.206 7.082
2018-05-24 6.308 7.653
2018-05-27 6.446 7.347
2018-05-29 6.679 8.327
2018-06-01 6.686 9.327
2018-06-03 6.761 10.204
2018-06-06 6.953 9.204
2018-06-08 6.186 9.163
2018-06-11 6.567 8.184
2018-06-13 6.048 7.204
2018-06-16 5.937 7.510
2018-06-18 6.250 6.510
2018-06-21 6.852 5.551
2018-06-23 6.567 4.551
2018-06-26 6.783 4.857
2018-06-28 6.300 4.918
2018-07-01 5.502 4.776
2018-07-03 4.917 3.776
2018-07-06 4.812 4.469
2018-07-08 5.212 4.224
2018-07-11 5.200 4.673
2018-07-13 4.986 5.327
2018-07-16 5.409 5.469
2018-07-18 5.346 5.939
2018-07-21 5.346 5.959
2018-07-23 5.428 6.633
2018-07-26 5.807 7.041
2018-07-28 4.762 6.000
2018-07-31 4.881 5.816
2018-08-02 4.745 6.408
2018-08-05 4.863 6.184
2018-08-07 4.640 6.184
2018-08-10 4.480 6.388
2018-08-12 4.624 5.714
2018-08-15 4.289 5.286
2018-08-17 4.476 5.347
2018-08-20 4.476 5.327
2018-08-22 4.291 5.041
2018-08-25 4.114 4.694
2018-08-27 4.377 5.265
2018-08-30 4.527 4.592
2018-09-01 4.823 4.367
2018-09-04 4.833 3.939
2018-09-06 4.893 3.265
2018-09-09 4.760 3.122
2018-09-14 4.843 3.122
2018-09-16 5.312 3.102
2018-09-19 4.604 3.755
2018-09-21 4.640 3.367
2018-09-24 4.640 3.714
2018-09-26 4.183 3.143
2018-09-29 4.329 3.571
2018-10-01 4.160 3.306
2018-10-04 5.065 3.980
2018-10-06 5.065 3.939
2018-10-09 4.860 3.408
2018-10-14 4.493 3.837
2018-10-16 4.400 3.327
2018-10-19 4.517 3.388
2018-10-24 5.817 3.388
2018-10-26 5.843 4.082
2018-10-29 6.000 3.694
2018-10-31 6.167 3.592
2018-11-03 5.400 2.939
2018-11-13 6.417 2.224
2018-11-18 7.500 1.510
2018-11-20 7.167 1.673
2018-11-23 5.000 0.959
2018-11-25 5.333 1.000
2018-11-28 6.583 1.878
2018-11-30 6.500 1.939
2018-12-03 6.417 1.878
2018-12-05 5.483 2.286
2018-12-20 6.233 2.122
2018-12-25 5.500 1.388
2018-12-28 0.000 0.469
2018-12-30 0.000 0.408
2019-01-09 0.000 0.122
2019-01-12 1.000 0.612
2019-01-14 2.000 1.857
2019-01-17 2.500 2.041
2019-01-22 2.500 2.122
2019-01-24 2.250 2.245
2019-01-27 1.667 3.061
2019-02-03 1.667 3.265
2019-02-06 1.450 5.163
2019-02-08 1.450 5.041
2019-02-11 1.367 4.633
2019-02-13 2.563 5.286
2019-02-16 2.667 5.878
2019-02-21 2.333 6.653
2019-02-23 2.150 7.204
2019-02-26 2.683 8.286
2019-03-03 2.600 8.633
2019-03-05 2.600 8.673
2019-03-08 3.150 6.776
2019-03-10 3.100 8.673
2019-03-13 2.850 8.592
2019-03-15 2.317 6.959
2019-03-18 2.450 6.429
2019-03-23 2.833 6.510
2019-03-25 3.626 7.633
2019-03-28 3.833 5.735
2019-03-30 4.710 7.286
2019-04-02 3.904 8.837
2019-04-04 4.039 9.082
2019-04-07 4.082 9.388
2019-04-09 4.167 7.490
2019-04-12 4.533 7.816
2019-04-14 4.629 7.592
2019-04-17 4.769 9.245
2019-04-19 4.836 9.796
2019-04-22 5.120 10.714
2019-04-24 5.886 10.816
2019-04-27 5.780 12.673
2019-04-29 5.239 11.694
2019-05-02 6.148 9.796
2019-05-04 6.264 9.306
2019-05-07 6.071 9.490
2019-05-12 5.883 9.163
2019-05-14 5.400 11.020
2019-05-17 4.657 11.020
2019-05-19 4.443 10.469
2019-05-22 4.675 8.612
2019-05-24 3.583 6.714
2019-05-27 2.750 4.857
2019-05-29 3.450 5.796
2019-06-03 3.450 5.959
2019-06-06 3.969 6.898
2019-06-08 3.955 8.796
2019-06-13 4.117 6.898
2019-06-16 4.674 6.347
2019-06-18 4.922 8.245
2019-06-21 4.358 9.857
2019-06-23 4.282 10.980
2019-06-28 3.764 11.367
2019-07-01 3.821 12.408
2019-07-03 4.122 13.245
2019-07-06 3.695 12.449
2019-07-08 3.710 10.551
2019-07-11 3.958 11.755
2019-07-13 3.721 12.755
2019-07-16 3.859 11.408
2019-07-18 3.354 10.714
2019-07-21 4.168 10.735
2019-07-23 4.348 10.265
2019-07-26 4.680 12.102
2019-07-28 5.008 11.449
2019-07-31 5.142 10.408
2019-08-02 5.076 10.510
2019-08-05 5.281 10.163
2019-08-07 4.820 11.224
2019-08-10 4.625 10.020
2019-08-12 4.969 9.184
2019-08-15 4.556 10.469
2019-08-17 4.650 9.265
2019-08-20 4.001 8.245
2019-08-22 4.242 8.592
2019-08-25 4.883 8.163
2019-08-27 5.295 8.163
2019-08-30 5.166 8.592
2019-09-01 5.388 9.388
2019-09-04 4.981 10.694
2019-09-06 5.319 10.633
2019-09-11 5.582 10.980
2019-09-14 5.314 11.286
2019-09-19 5.174 12.163
2019-09-21 5.151 12.408
2019-09-24 4.682 11.204
2019-09-26 4.099 10.857
2019-09-29 3.986 10.653
2019-10-01 4.153 10.653
2019-10-04 4.782 9.959
2019-10-06 4.760 9.122
2019-10-09 4.760 9.143
2019-10-11 4.750 8.857
2019-10-14 5.493 7.265
2019-10-19 5.680 6.408
2019-10-21 6.267 5.163
2019-10-24 5.972 5.122
2019-10-26 6.917 4.224
2019-10-29 6.333 5.898
2019-10-31 5.395 5.143
2019-11-03 4.983 4.673
2019-11-05 5.285 5.633
2019-11-08 5.285 5.653
2019-11-10 4.769 5.673
2019-11-18 4.946 5.041
2019-11-20 5.136 5.469
2019-11-23 5.261 5.429
2019-11-28 5.333 3.531
2019-11-30 3.394 3.714
2019-12-03 3.027 3.286
2019-12-05 2.733 3.020
2019-12-08 2.733 2.980
2019-12-10 2.733 2.735
2019-12-18 2.733 2.816
2019-12-20 1.900 2.388
2019-12-23 1.900 2.265
2019-12-25 2.233 2.388
2019-12-30 3.500 1.061
2020-01-04 2.333 2.102
2020-01-17 2.333 2.020
2020-01-19 3.100 4.020
2020-01-22 3.100 4.184
2020-01-24 3.086 5.306
2020-02-03 4.605 5.306
2020-02-06 4.433 5.796
2020-02-11 4.350 5.959
2020-02-13 4.219 7.204
2020-02-18 4.333 5.204
2020-02-21 3.667 6.694
2020-02-23 3.790 7.306
2020-02-26 3.487 8.327
2020-02-28 3.383 9.469
2020-03-04 2.461 7.571
2020-03-07 2.748 7.286
2020-03-09 2.692 7.796
2020-03-12 2.727 7.694
2020-03-14 2.668 7.694
2020-03-17 2.577 7.755
2020-03-19 2.594 9.000
2020-03-22 2.620 9.245
2020-03-24 2.259 7.388
2020-03-27 2.496 7.776
2020-03-29 2.048 7.878
2020-04-01 1.889 9.714
2020-04-03 1.835 10.041
2020-04-06 2.005 11.490
2020-04-08 2.034 12.000
2020-04-11 1.875 13.837
2020-04-13 1.698 12.898
2020-04-16 1.633 14.612
2020-04-18 1.495 14.388
2020-04-21 1.561 14.388
2020-04-23 1.445 15.633
2020-04-26 1.260 15.000
2020-04-28 1.360 13.878
2020-05-01 1.400 12.041
2020-05-03 1.385 12.306
2020-05-06 1.070 10.694
2020-05-08 0.932 10.592
2020-05-11 1.146 10.306
2020-05-13 1.208 10.122
2020-05-16 0.986 9.224
2020-05-18 1.201 8.714
2020-05-21 0.519 8.714
2020-05-23 0.598 7.469
2020-05-26 0.778 8.592
2020-05-28 0.929 8.959
2020-05-31 0.763 10.857
2020-06-02 0.792 12.163
2020-06-05 0.767 13.633
2020-06-07 0.908 13.429
2020-06-10 0.640 13.714
2020-06-12 0.820 15.429
2020-06-15 0.941 15.898
2020-06-17 0.838 15.388
2020-06-20 1.083 15.388
2020-06-22 1.025 17.143
2020-06-25 1.012 17.143
2020-06-27 0.991 18.551
2020-06-30 1.100 16.653
2020-07-02 1.147 15.020
2020-07-05 1.214 13.510
2020-07-07 1.074 13.347
2020-07-10 1.243 11.531
2020-07-12 1.104 11.224
2020-07-15 1.034 9.878
2020-07-17 1.077 11.163
2020-07-20 0.911 9.265
2020-07-22 0.866 8.510
2020-07-25 0.666 8.510
2020-07-27 0.700 6.939
