2015-07-06 7.000 0.837
2015-07-16 9.500 1.837
2015-07-26 9.333 1.980
2015-08-02 9.333 2.612
2015-08-05 11.000 2.776
2015-08-12 9.150 3.429
2015-08-15 10.250 2.429
2015-08-22 10.600 3.163
2015-08-25 10.933 3.224
2015-09-01 9.867 2.592
2015-09-04 4.583 1.653
2015-09-11 8.083 1.735
2015-09-14 6.600 2.347
2015-09-21 5.750 1.612
2015-09-24 3.750 2.388
2015-10-01 5.717 3.143
2015-10-04 5.050 3.224
2015-10-11 4.333 2.490
2015-10-14 5.667 1.878
2015-10-24 10.500 0.898
2015-10-31 1.000 0.143
2015-11-13 2.000 0.245
2015-12-03 6.667 2.245
2015-12-13 6.000 2.000
2015-12-23 6.000 2.061
2016-01-02 4.000 0.796
2016-01-12 4.500 1.061
2016-01-19 3.500 1.714
2016-01-22 3.500 1.653
2016-02-01 2.000 0.918
2016-02-11 0.000 0.673
2016-02-18 0.000 0.020
2016-03-12 12.000 0.857
2016-03-22 11.500 1.184
2016-03-29 11.000 1.265
2016-04-01 11.333 1.816
2016-04-08 11.083 2.061
2016-04-11 10.583 2.061
2016-04-18 11.100 2.286
2016-04-21 13.917 2.735
2016-04-28 13.917 2.816
2016-05-01 14.650 3.204
2016-05-08 15.383 3.612
2016-05-11 15.000 2.918
2016-05-18 14.750 2.694
2016-05-21 12.833 1.918
2016-05-28 12.167 2.245
2016-05-31 8.333 1.306
2016-06-07 9.167 1.306
2016-06-10 9.333 1.653
2016-06-20 9.333 1.673
2016-06-27 8.500 1.184
2016-07-07 5.000 0.531
2016-07-10 17.000 1.020
2016-07-20 17.000 1.000
2016-08-06 17.000 1.286
2016-08-09 4.000 0.367
2016-08-16 6.000 1.020
2016-08-26 6.833 1.673
2016-08-29 6.000 1.837
2016-09-05 6.333 1.571
2016-09-08 13.583 2.490
2016-09-15 13.833 2.388
2016-09-18 13.317 2.510
2016-09-25 12.200 2.510
2016-09-28 14.667 2.959
2016-10-05 14.967 3.592
2016-10-08 11.100 3.367
2016-10-15 10.033 3.082
2016-10-18 9.867 2.959
2016-10-25 11.083 2.306
2016-10-28 7.167 1.694
2016-11-04 5.000 1.041
2016-11-07 2.000 0.265
2016-11-17 0.000 0.020
2016-11-24 0.000 0.041
2016-12-04 5.000 0.714
2016-12-14 6.167 1.367
2016-12-17 6.333 1.347
2016-12-24 6.500 1.347
2016-12-27 13.333 2.347
2017-01-03 15.000 2.327
2017-01-13 15.000 2.286
2017-01-16 14.000 2.367
2017-01-23 14.000 2.347
2017-01-26 11.500 2.224
2017-02-02 9.667 1.735
2017-02-12 9.500 1.184
2017-02-15 7.833 1.776
2017-02-25 2.500 0.898
2017-03-04 3.000 0.735
2017-03-07 5.500 0.939
2017-03-14 6.000 1.143
2017-03-17 5.500 0.490
2017-03-27 16.333 1.490
2017-04-03 16.333 1.571
2017-04-06 16.000 1.367
2017-04-13 17.500 1.102
2017-04-16 17.000 1.082
2017-04-26 1.000 0.245
2017-05-03 1.000 0.163
2017-05-06 15.500 1.163
2017-05-13 15.500 1.204
2017-05-16 10.500 2.163
2017-05-23 10.667 2.224
2017-05-26 10.500 3.061
2017-06-02 11.817 3.714
2017-06-05 10.000 2.776
2017-06-12 10.000 2.735
2017-06-15 14.500 1.857
2017-06-22 13.333 2.224
2017-06-25 12.333 1.224
2017-07-02 6.500 0.571
2017-07-05 11.833 1.429
2017-07-07 11.500 2.082
2017-07-10 11.167 2.347
2017-07-15 10.500 2.265
2017-07-20 11.783 2.816
2017-07-22 11.833 2.673
2017-07-25 11.233 2.837
2017-07-30 11.333 3.000
2017-08-04 8.750 2.082
2017-08-06 8.417 1.776
2017-08-09 8.750 1.878
2017-08-11 8.750 1.898
2017-08-14 10.283 2.571
2017-08-19 8.667 2.163
2017-08-21 11.000 2.020
2017-08-24 9.417 2.102
2017-08-26 10.617 2.551
2017-08-29 11.667 3.388
2017-08-31 10.700 3.796
2017-09-03 10.617 4.082
2017-09-05 10.783 3.735
2017-09-08 11.700 3.367
2017-09-10 11.717 3.367
2017-09-13 10.967 2.898
2017-09-18 11.250 2.755
2017-09-20 10.550 2.939
2017-09-23 9.550 3.673
2017-09-25 10.093 3.878
2017-09-28 10.217 3.367
2017-09-30 10.450 2.959
2017-10-03 10.867 2.755
2017-10-08 10.783 2.796
2017-10-10 10.700 2.816
2017-10-13 10.333 2.694
2017-10-15 9.531 3.347
2017-10-18 10.593 4.204
2017-10-20 10.955 3.878
2017-10-23 12.200 3.061
2017-10-25 11.967 2.408
2017-10-28 9.583 1.918
2017-10-30 9.950 2.245
2017-11-02 9.283 2.204
2017-11-04 9.317 2.469
2017-11-07 10.519 3.429
2017-11-09 10.733 3.388
2017-11-12 10.352 3.653
2017-11-14 12.033 3.061
2017-11-17 10.650 2.796
2017-11-19 10.493 2.980
2017-11-22 10.298 3.755
2017-11-24 10.477 4.102
2017-11-29 10.286 3.776
2017-12-02 10.136 3.735
2017-12-04 10.283 3.469
2017-12-07 10.283 2.469
2017-12-12 10.417 2.122
2017-12-14 9.333 2.347
2017-12-17 9.667 2.408
2017-12-19 9.667 2.286
2017-12-22 7.167 1.347
2017-12-24 4.667 1.000
2017-12-27 6.000 1.306
2018-01-11 6.000 1.367
2018-01-13 6.500 1.082
2018-01-16 3.000 0.429
2018-01-18 3.000 0.388
2018-01-21 3.000 0.408
2018-01-26 0.000 0.102
2018-02-05 6.000 0.612
2018-02-07 6.000 1.245
2018-02-10 12.667 1.918
2018-02-12 12.833 2.327
2018-02-17 12.900 2.551
2018-02-20 11.833 2.898
2018-02-22 12.519 3.551
2018-02-25 10.555 4.551
2018-02-27 10.919 5.204
2018-03-04 10.678 5.735
2018-03-07 10.469 5.224
2018-03-09 10.823 4.592
2018-03-12 8.862 3.857
2018-03-14 8.129 3.980
2018-03-19 8.417 3.735
2018-03-22 8.850 3.367
2018-03-24 6.983 3.286
2018-03-27 5.500 2.347
2018-03-29 3.500 2.143
2018-04-03 2.500 1.714
2018-04-06 10.917 2.714
2018-04-08 10.717 2.918
2018-04-13 11.000 2.388
2018-04-16 10.917 2.469
2018-04-18 11.633 3.122
2018-04-21 10.800 4.122
2018-04-23 11.867 4.041
2018-04-26 12.033 4.041
2018-04-28 12.900 3.592
2018-05-01 11.783 4.020
2018-05-03 11.355 4.510
2018-05-06 9.795 4.510
2018-05-08 9.961 4.959
2018-05-11 10.208 5.694
2018-05-16 10.423 5.735
2018-05-18 11.107 5.694
2018-05-21 11.046 5.347
2018-05-23 10.406 4.959
2018-05-26 11.186 5.898
2018-05-28 11.820 6.531
2018-05-31 12.084 6.449
2018-06-02 12.646 5.857
2018-06-05 13.574 4.857
2018-06-07 13.833 4.245
2018-06-10 13.783 4.041
2018-06-15 13.883 4.041
2018-06-17 12.817 3.429
2018-06-20 11.383 3.776
2018-06-22 11.300 3.898
2018-06-25 9.950 3.102
2018-06-27 9.333 3.122
2018-06-30 10.017 3.776
2018-07-02 11.283 4.429
2018-07-05 10.688 5.286
2018-07-07 10.823 5.408
2018-07-10 10.970 4.878
2018-07-12 10.681 5.531
2018-07-15 11.152 6.408
2018-07-17 10.879 6.816
2018-07-20 11.372 6.347
2018-07-22 11.599 6.776
2018-07-25 12.417 7.571
2018-07-27 12.203 7.571
2018-07-30 12.416 6.571
2018-08-01 11.766 6.388
2018-08-04 12.171 6.388
2018-08-06 12.227 6.878
2018-08-11 12.393 6.367
2018-08-14 12.127 5.367
2018-08-16 12.550 5.020
2018-08-19 11.819 4.714
2018-08-21 12.121 4.122
2018-08-24 10.226 3.510
2018-08-26 10.060 3.041
2018-08-31 9.850 2.571
2018-09-03 10.500 1.714
2018-09-05 4.333 1.061
2018-09-08 4.333 1.163
2018-09-10 4.500 1.020
2018-09-13 5.500 1.143
2018-09-15 5.500 1.082
2018-09-18 12.917 1.857
2018-09-20 12.583 1.837
2018-09-23 14.833 1.449
2018-09-25 13.333 1.918
2018-09-30 15.333 2.571
2018-10-03 16.333 2.673
2018-10-05 17.200 3.327
2018-10-08 16.700 3.429
2018-10-10 16.600 4.082
2018-10-13 17.363 4.918
2018-10-15 17.433 5.000
2018-10-18 17.320 4.204
2018-10-20 17.220 4.163
2018-10-23 16.485 4.755
2018-10-25 17.412 4.102
2018-10-28 16.944 4.408
2018-10-30 16.705 3.755
2018-11-02 13.326 4.612
2018-11-04 13.098 4.245
2018-11-07 13.129 4.041
2018-11-09 12.483 3.388
2018-11-12 9.517 2.429
2018-11-14 10.000 2.592
2018-11-17 10.450 3.469
2018-11-19 10.250 3.551
2018-11-22 12.042 3.857
2018-11-24 12.042 3.898
2018-11-27 12.258 3.592
2018-12-02 15.026 2.633
2018-12-04 13.492 3.041
2018-12-09 13.125 3.184
2018-12-12 11.673 4.122
2018-12-14 11.572 3.878
2018-12-17 12.939 3.449
2018-12-19 13.239 3.408
2018-12-22 9.806 3.082
2018-12-24 9.806 3.041
2018-12-27 9.472 3.122
2019-01-03 9.202 2.429
2019-01-08 9.789 2.449
2019-01-11 8.500 1.510
2019-01-16 4.500 0.857
2019-01-18 4.500 0.816
2019-01-21 7.833 1.327
2019-01-23 6.333 1.571
2019-01-26 6.500 1.490
2019-01-28 8.333 2.143
2019-01-31 8.333 2.163
2019-02-02 8.167 2.245
2019-02-07 8.083 2.551
2019-02-12 8.400 2.673
2019-02-15 10.417 3.755
2019-02-17 10.671 4.286
2019-02-20 11.783 3.286
2019-02-22 12.117 3.041
2019-02-25 10.717 4.122
2019-02-27 11.260 4.204
2019-03-02 11.260 4.184
2019-03-04 11.533 4.102
2019-03-07 12.060 4.388
2019-03-09 12.617 3.918
2019-03-14 12.400 3.796
2019-03-17 12.667 3.184
2019-03-19 11.283 3.224
2019-03-22 10.658 4.224
2019-03-24 10.375 4.490
2019-03-27 10.933 3.408
2019-03-29 11.367 3.408
2019-04-01 14.768 4.490
2019-04-03 15.211 4.551
2019-04-06 14.925 4.265
2019-04-11 15.517 5.347
2019-04-13 15.525 5.735
2019-04-16 16.077 5.796
2019-04-18 16.360 5.959
2019-04-21 15.908 5.959
2019-04-23 16.335 5.837
2019-04-26 15.482 6.449
2019-04-28 15.102 5.714
2019-05-01 13.500 4.633
2019-05-03 13.050 4.571
2019-05-06 13.067 4.673
2019-05-11 9.000 4.000
2019-05-13 8.107 4.347
2019-05-16 7.688 4.612
2019-05-18 8.814 4.571
2019-05-21 10.083 3.490
2019-05-23 10.033 3.653
2019-05-26 10.083 3.041
2019-05-28 10.417 3.102
2019-06-02 9.333 3.694
2019-06-05 8.883 3.592
2019-06-07 9.000 3.694
2019-06-10 10.617 3.755
2019-06-12 10.717 3.020
2019-06-15 8.550 2.490
2019-06-17 9.017 2.510
2019-06-20 10.017 2.592
2019-06-22 9.492 2.959
2019-06-25 11.442 3.184
2019-06-27 11.933 3.857
2019-06-30 12.950 4.857
2019-07-02 13.617 4.265
2019-07-05 12.340 5.327
2019-07-07 12.431 5.224
2019-07-10 12.125 4.796
2019-07-15 12.114 4.531
2019-07-17 11.738 4.551
2019-07-20 11.455 4.653
2019-07-22 11.550 4.245
2019-07-25 11.333 4.878
2019-07-27 10.850 4.143
2019-07-30 10.167 3.735
2019-08-01 10.167 3.755
2019-08-04 11.633 3.367
2019-08-09 11.717 3.327
2019-08-14 12.360 3.918
2019-08-16 11.517 3.245
2019-08-19 11.450 3.163
2019-08-21 11.633 3.143
2019-08-24 14.900 3.367
2019-08-26 13.519 4.102
2019-08-29 15.852 3.510
2019-08-31 15.795 4.224
2019-09-03 15.650 3.551
2019-09-05 15.550 3.612
2019-09-08 14.029 4.000
2019-09-10 14.102 4.735
2019-09-13 13.954 4.143
2019-09-15 14.507 4.755
2019-09-18 15.392 5.143
2019-09-20 14.683 5.612
2019-09-23 11.195 4.531
2019-09-25 11.652 3.796
2019-09-30 11.317 3.122
2019-10-03 11.183 3.163
2019-10-05 11.250 3.102
2019-10-08 12.450 2.714
2019-10-10 11.583 2.490
2019-10-13 11.900 3.408
2019-10-15 10.250 2.735
2019-10-18 7.033 2.816
2019-10-20 7.667 2.102
2019-10-23 7.417 2.245
2019-10-25 7.617 2.429
2019-10-28 9.067 3.429
2019-10-30 8.950 3.408
2019-11-02 8.633 3.878
2019-11-09 8.433 3.673
2019-11-12 7.867 3.163
2019-11-17 7.633 3.408
2019-11-19 7.570 4.061
2019-11-22 8.648 5.000
2019-11-24 8.605 4.939
2019-11-27 8.230 4.020
2019-11-29 8.658 4.163
2019-12-02 8.295 3.837
2019-12-04 8.011 4.571
2019-12-07 7.994 4.633
2019-12-09 7.882 4.408
2019-12-12 9.556 5.020
2019-12-14 9.556 5.041
2019-12-17 10.302 4.714
2019-12-19 10.676 4.061
2019-12-22 11.200 2.980
2019-12-24 11.912 3.224
2019-12-27 12.229 3.143
2019-12-29 12.304 3.102
2020-01-01 12.679 3.327
2020-01-03 12.475 2.592
2020-01-06 10.870 3.612
2020-01-08 10.870 3.531
2020-01-11 9.167 2.510
2020-01-13 9.333 2.551
2020-01-16 9.917 3.061
2020-01-18 10.208 3.776
2020-01-21 10.150 4.204
2020-01-23 9.958 3.837
2020-01-26 7.883 4.796
2020-01-28 7.833 4.694
2020-01-31 7.700 4.286
2020-02-05 7.958 3.306
2020-02-07 8.533 4.020
2020-02-10 8.650 4.735
2020-02-12 9.067 5.102
2020-02-15 7.450 4.102
2020-02-17 7.283 3.469
2020-02-20 6.983 3.041
2020-02-25 9.300 2.918
2020-02-27 9.017 2.878
2020-03-01 8.667 3.184
2020-03-03 8.583 3.327
2020-03-06 8.433 3.224
2020-03-08 7.367 2.510
2020-03-11 6.917 1.796
2020-03-13 4.583 1.510
2020-03-16 5.083 1.633
2020-03-18 4.200 2.245
2020-03-21 3.650 2.796
2020-03-23 3.410 3.531
2020-03-26 1.793 3.776
2020-03-28 2.251 4.510
2020-03-31 1.985 5.163
2020-04-02 1.951 5.061
2020-04-05 1.990 6.143
2020-04-07 1.917 6.878
2020-04-10 2.389 7.959
2020-04-12 2.430 8.388
2020-04-15 2.352 8.469
2020-04-17 2.252 8.510
2020-04-20 2.069 9.041
2020-04-22 1.958 9.041
2020-04-25 1.846 9.000
2020-04-27 1.635 9.000
2020-04-30 1.669 8.102
2020-05-02 1.608 8.224
2020-05-05 1.267 8.224
2020-05-07 1.156 8.224
2020-05-10 0.361 7.143
2020-05-12 0.268 6.571
2020-05-15 0.472 7.449
2020-05-17 0.504 7.327
2020-05-20 0.379 7.327
2020-05-22 0.435 6.592
2020-05-25 0.760 6.102
2020-05-27 0.926 6.041
2020-05-30 1.388 7.061
2020-06-01 1.404 7.633
2020-06-04 1.649 6.551
2020-06-06 1.806 6.020
2020-06-14 1.748 5.020
2020-06-16 1.956 4.490
2020-06-19 2.602 3.551
2020-06-21 2.406 3.918
2020-06-24 4.048 4.367
2020-06-26 3.984 4.265
2020-06-29 3.698 3.224
2020-07-01 4.033 2.490
2020-07-06 4.667 2.571
2020-07-09 4.500 2.714
2020-07-11 4.500 2.735
2020-07-14 4.500 2.653
2020-07-16 4.533 2.571
2020-07-19 4.917 2.816
2020-07-21 4.867 3.041
2020-07-24 2.033 2.041
2020-07-26 2.500 1.490
