2015-07-30 0.000 0.061
2015-08-06 7.000 1.061
2015-08-09 6.000 2.061
2015-08-16 6.000 2.082
2015-08-19 7.000 3.082
2015-08-29 7.500 3.612
2015-09-05 7.500 2.612
2015-09-08 7.500 2.612
2015-09-15 5.500 3.592
2015-09-18 4.583 3.163
2015-09-28 3.833 3.571
2015-10-08 3.333 2.571
2015-10-15 5.500 1.571
2015-10-18 5.000 1.000
2015-11-14 1.000 0.816
2015-11-17 1.000 1.714
2015-11-24 0.833 1.796
2015-11-27 1.167 2.265
2015-12-04 1.833 3.163
2015-12-07 3.302 4.265
2015-12-14 3.883 3.449
2015-12-17 5.400 2.551
2015-12-24 5.567 2.469
2015-12-27 4.667 2.000
2016-01-03 5.333 1.531
2016-01-06 1.000 0.449
2016-01-13 1.500 0.878
2016-02-02 2.000 0.449
2016-02-05 2.000 0.429
2016-02-12 0.000 0.082
2016-02-15 5.000 0.857
2016-03-13 5.000 0.776
2016-03-23 1.000 0.143
2016-03-26 3.500 1.020
2016-04-05 3.500 1.041
2016-04-12 4.000 1.143
2016-04-15 4.000 1.184
2016-04-22 4.833 2.041
2016-04-25 8.333 1.653
2016-05-02 8.167 2.653
2016-05-05 8.583 3.633
2016-05-12 7.050 4.531
2016-05-15 7.300 4.612
2016-05-22 7.167 3.980
2016-05-25 7.550 4.490
2016-06-01 7.417 3.490
2016-06-04 7.250 3.490
2016-06-11 7.750 3.469
2016-06-14 7.500 3.347
2016-06-21 7.667 3.184
2016-06-24 5.000 2.612
2016-07-04 2.500 1.612
2016-07-11 0.000 0.939
2016-07-14 0.500 1.000
2016-07-21 2.333 1.469
2016-07-24 5.667 2.041
2016-07-31 6.583 2.633
2016-08-10 6.083 2.878
2016-08-13 5.833 2.816
2016-08-20 5.000 2.449
2016-08-23 4.000 1.837
2016-08-30 1.500 1.898
2016-09-02 2.083 2.122
2016-09-09 2.917 1.694
2016-09-12 5.200 2.694
2016-09-19 4.750 2.612
2016-09-22 5.833 2.224
2016-09-29 7.000 1.592
2016-10-02 6.833 1.408
2016-10-09 7.000 1.286
2016-10-12 5.500 0.857
2016-10-19 6.000 0.633
2016-10-29 7.000 1.531
2016-11-01 7.000 1.490
2016-11-08 6.500 2.429
2016-11-11 5.333 2.837
2016-11-18 5.250 2.898
2016-11-28 6.667 2.980
2016-12-08 6.500 2.082
2016-12-11 9.000 1.143
2016-12-18 9.000 1.082
2016-12-28 0.000 0.163
2017-01-07 0.000 0.122
2017-01-10 0.000 0.204
2017-01-27 7.500 1.122
2017-02-09 8.000 1.020
2017-02-16 8.000 1.531
2017-02-26 3.000 0.531
2017-03-01 3.000 0.592
2017-03-11 5.000 1.571
2017-03-18 5.000 1.061
2017-03-21 5.500 1.490
2017-03-31 5.500 1.429
2017-04-10 6.000 1.408
2017-04-20 4.000 1.265
2017-04-27 4.167 1.653
2017-04-30 7.000 2.653
2017-05-10 8.833 1.673
2017-05-20 10.500 1.388
2017-05-27 8.500 2.000
2017-05-30 6.000 1.000
2017-06-06 5.500 1.102
2017-06-09 4.500 1.449
2017-06-16 4.333 1.592
2017-06-19 8.500 2.592
2017-06-26 11.333 2.000
2017-07-04 8.683 2.816
2017-07-06 8.183 3.347
2017-07-09 7.417 3.347
2017-07-11 6.633 3.837
2017-07-14 6.405 3.939
2017-07-16 6.717 3.796
2017-07-19 4.900 3.408
2017-07-26 4.517 3.000
2017-07-31 4.317 3.408
2017-08-03 4.483 2.592
2017-08-05 4.733 2.306
2017-08-08 5.150 2.939
2017-08-10 5.650 2.449
2017-08-13 6.283 2.939
2017-08-15 6.733 3.367
2017-08-18 6.783 2.755
2017-08-20 6.883 3.041
2017-08-23 7.276 4.000
2017-08-25 7.113 4.653
2017-08-30 7.669 4.245
2017-09-04 7.450 3.898
2017-09-07 8.400 2.918
2017-09-12 8.367 2.694
2017-09-14 8.000 2.265
2017-09-17 7.450 2.755
2017-09-19 7.000 2.469
2017-09-22 7.667 1.510
2017-09-24 5.000 1.184
2017-09-27 6.667 2.000
2017-09-29 6.167 2.959
2017-10-07 6.167 3.061
2017-10-09 6.767 4.061
2017-10-12 5.776 4.102
2017-10-17 5.352 4.163
2017-10-24 5.383 3.837
2017-10-27 5.650 3.041
2017-10-29 5.417 2.837
2017-11-03 5.867 3.082
2017-11-06 6.000 3.980
2017-11-08 5.617 2.980
2017-11-11 5.250 3.184
2017-11-13 5.683 4.184
2017-11-16 6.250 3.633
2017-11-21 6.200 3.653
2017-11-26 5.933 3.735
2017-11-28 5.583 2.980
2017-12-01 4.850 3.551
2017-12-03 4.667 3.306
2017-12-06 4.667 2.306
2017-12-08 4.750 2.673
2017-12-11 5.917 2.061
2017-12-13 2.500 1.061
2017-12-16 6.000 1.939
2017-12-21 4.833 2.878
2017-12-26 4.833 2.776
2017-12-31 4.833 2.327
2018-01-02 5.167 2.755
2018-01-05 5.417 2.776
2018-01-07 4.533 3.408
2018-01-10 4.317 3.531
2018-01-15 3.667 2.653
2018-01-20 4.333 1.694
2018-01-22 4.333 1.714
2018-01-25 4.250 1.776
2018-01-27 5.250 2.184
2018-01-30 5.200 2.469
2018-02-01 4.583 2.061
2018-02-04 4.250 2.122
2018-02-06 4.333 1.592
2018-02-09 4.583 2.469
2018-02-14 5.117 3.469
2018-02-16 5.067 3.776
2018-02-19 5.067 3.878
2018-02-21 4.783 4.245
2018-02-24 5.083 4.918
2018-02-26 4.983 5.510
2018-03-01 4.338 5.837
2018-03-03 4.338 5.898
2018-03-06 4.768 6.816
2018-03-08 5.043 6.347
2018-03-11 4.983 5.347
2018-03-13 4.960 5.388
2018-03-16 4.767 4.531
2018-03-18 4.800 5.224
2018-03-21 4.867 5.245
2018-03-23 5.017 4.857
2018-03-26 4.183 4.408
2018-03-28 3.933 3.408
2018-03-31 4.417 2.673
2018-04-02 4.883 3.592
2018-04-05 4.417 2.592
2018-04-07 4.417 2.633
2018-04-10 4.367 3.061
2018-04-12 5.417 4.020
2018-04-15 5.533 3.878
2018-04-17 6.150 2.878
2018-04-20 7.067 3.755
2018-04-22 7.550 4.306
2018-04-25 7.817 4.020
2018-04-27 7.967 4.449
2018-04-30 7.875 5.429
2018-05-02 8.218 5.429
2018-05-05 7.617 6.224
2018-05-07 8.045 7.184
2018-05-10 7.869 7.633
2018-05-12 7.427 7.020
2018-05-15 7.808 7.959
2018-05-17 7.973 8.755
2018-05-20 7.435 8.673
2018-05-22 7.101 8.653
2018-05-25 7.125 9.653
2018-05-27 7.137 9.224
2018-05-30 7.133 9.245
2018-06-04 7.424 9.449
2018-06-06 7.111 9.592
2018-06-09 7.011 9.673
2018-06-11 7.135 9.286
2018-06-14 6.988 8.816
2018-06-16 6.746 8.020
2018-06-19 6.952 7.347
2018-06-21 6.976 6.816
2018-06-24 7.264 6.469
2018-06-26 7.496 7.184
2018-06-29 7.308 6.633
2018-07-01 7.617 6.633
2018-07-04 7.719 6.633
2018-07-06 7.325 6.000
2018-07-09 7.183 5.551
2018-07-11 7.160 6.449
2018-07-14 6.856 6.673
2018-07-16 6.636 7.673
2018-07-19 7.240 8.408
2018-07-21 7.080 9.408
2018-07-24 7.058 9.571
2018-07-26 6.641 9.857
2018-07-29 6.740 10.184
2018-07-31 6.401 10.184
2018-08-03 6.617 10.184
2018-08-05 6.837 9.694
2018-08-08 7.040 9.184
2018-08-10 6.743 8.531
2018-08-13 6.521 8.163
2018-08-15 6.384 7.571
2018-08-18 5.551 6.918
2018-08-20 6.158 6.612
2018-08-23 6.357 6.796
2018-08-25 6.653 5.980
2018-08-28 6.688 5.347
2018-08-30 7.276 4.347
2018-09-02 5.919 4.000
2018-09-04 6.143 4.714
2018-09-09 6.706 5.082
2018-09-12 7.233 4.755
2018-09-14 7.295 4.837
2018-09-17 7.545 4.592
2018-09-19 6.431 4.694
2018-09-22 6.245 4.449
2018-09-24 6.236 4.367
2018-09-27 6.198 4.776
2018-09-29 6.358 5.000
2018-10-02 6.431 4.347
2018-10-04 6.329 3.612
2018-10-07 5.420 4.408
2018-10-09 5.045 3.796
2018-10-12 5.777 4.796
2018-10-14 7.604 5.306
2018-10-17 7.938 5.837
2018-10-19 7.631 5.755
2018-10-22 7.783 5.980
2018-10-24 7.361 6.796
2018-10-27 7.738 6.265
2018-10-29 7.400 6.388
2018-11-01 6.948 7.184
2018-11-03 6.828 8.184
2018-11-06 6.773 8.531
2018-11-11 6.577 7.531
2018-11-13 5.804 6.531
2018-11-16 5.458 7.061
2018-11-18 5.495 6.490
2018-11-21 5.038 5.510
2018-11-23 4.817 4.592
2018-11-26 4.433 5.714
2018-11-28 4.400 5.714
2018-12-01 4.671 4.918
2018-12-03 4.250 3.980
2018-12-06 4.833 2.837
2018-12-11 4.833 2.857
2018-12-16 2.500 1.714
2018-12-18 2.500 1.571
2018-12-23 2.500 1.735
2018-12-26 4.000 1.592
2018-12-28 5.500 1.735
2019-01-02 7.167 2.796
2019-01-05 7.167 2.939
2019-01-10 6.750 3.286
2019-01-12 6.750 3.347
2019-01-17 6.500 3.510
2019-01-20 6.200 4.245
2019-01-22 6.250 4.082
2019-01-25 6.667 3.082
2019-01-27 7.333 2.633
2019-01-30 7.333 2.694
2019-02-01 3.833 1.714
2019-02-04 3.750 1.776
2019-02-09 4.250 1.490
2019-02-11 4.250 1.429
2019-02-16 7.367 2.122
2019-02-19 5.750 1.388
2019-02-24 4.283 2.469
2019-02-26 4.333 2.571
2019-03-01 4.650 3.367
2019-03-03 4.833 3.551
2019-03-06 5.250 3.347
2019-03-08 5.500 3.694
2019-03-11 5.267 4.367
2019-03-18 4.917 3.551
2019-03-21 4.750 3.571
2019-03-26 5.333 2.673
2019-03-28 5.333 2.531
2019-03-31 5.417 2.816
2019-04-02 5.167 3.633
2019-04-05 5.083 4.776
2019-04-07 4.950 4.898
2019-04-10 6.233 4.776
2019-04-12 6.100 4.878
2019-04-15 6.510 6.000
2019-04-17 5.982 7.102
2019-04-20 6.248 8.184
2019-04-22 6.443 9.327
2019-04-25 6.450 10.265
2019-04-30 6.335 9.367
2019-05-02 6.589 8.224
2019-05-05 7.321 8.184
2019-05-07 6.916 8.143
2019-05-10 6.617 7.510
2019-05-12 6.929 8.102
2019-05-15 7.143 8.122
2019-05-17 7.876 6.980
2019-05-20 8.198 6.592
2019-05-22 8.533 5.449
2019-05-25 8.783 4.469
2019-05-27 8.750 4.531
2019-05-30 9.100 4.286
2019-06-01 7.967 4.714
2019-06-04 6.643 4.469
2019-06-06 7.305 5.184
2019-06-09 7.106 5.755
2019-06-11 7.749 6.041
2019-06-14 6.576 6.041
2019-06-16 6.555 6.735
2019-06-19 6.123 6.755
2019-06-21 6.095 7.673
2019-06-24 6.669 8.224
2019-06-26 6.406 9.224
2019-06-29 6.452 10.367
2019-07-01 6.824 10.469
2019-07-04 6.683 9.612
2019-07-06 6.463 8.469
2019-07-09 6.386 8.673
2019-07-11 5.473 8.796
2019-07-14 6.416 7.980
2019-07-16 6.558 7.551
2019-07-19 6.481 7.061
2019-07-21 6.373 6.653
2019-07-24 5.439 7.102
2019-07-26 5.383 6.980
2019-07-29 5.012 5.918
2019-07-31 4.898 5.388
2019-08-03 5.895 6.490
2019-08-05 5.716 6.980
2019-08-08 5.717 6.612
2019-08-10 6.705 6.367
2019-08-13 6.446 6.061
2019-08-15 6.249 5.796
2019-08-18 6.339 5.551
2019-08-20 6.539 5.673
2019-08-23 7.529 5.469
2019-08-25 7.748 5.673
2019-08-28 7.206 6.673
2019-08-30 7.265 6.735
2019-09-02 7.487 6.735
2019-09-04 7.782 6.306
2019-09-07 7.575 6.898
2019-09-09 7.425 6.061
2019-09-12 7.449 6.102
2019-09-14 7.724 6.796
2019-09-17 7.722 7.224
2019-09-19 7.583 6.755
2019-09-22 8.267 6.755
2019-09-24 8.517 5.612
2019-09-27 9.067 4.531
2019-09-29 8.967 4.469
2019-10-02 7.900 4.367
2019-10-04 8.383 4.408
2019-10-07 8.550 4.449
2019-10-09 8.667 5.184
2019-10-12 8.750 5.143
2019-10-14 8.583 4.469
2019-10-17 8.750 4.041
2019-10-19 8.900 3.878
2019-10-22 8.250 3.449
2019-10-27 7.717 4.265
2019-10-29 6.969 5.490
2019-11-01 6.600 4.490
2019-11-03 6.450 4.388
2019-11-06 6.983 3.388
2019-11-08 5.283 3.020
2019-11-11 5.317 3.245
2019-11-13 4.983 3.490
2019-11-16 4.783 3.571
2019-11-21 3.517 3.061
2019-11-26 2.833 2.245
2019-11-28 1.500 1.041
2019-12-01 1.500 1.061
2019-12-06 1.500 1.020
2019-12-08 1.500 0.633
2019-12-11 1.000 0.388
2019-12-13 0.000 0.408
2019-12-16 0.000 0.327
2019-12-18 2.500 1.469
2019-12-26 2.500 1.490
2019-12-28 2.500 1.469
2019-12-31 2.833 2.592
2020-01-05 2.833 2.612
2020-01-12 2.833 2.429
2020-01-17 5.333 2.388
2020-01-22 4.417 3.490
2020-01-25 4.117 4.286
2020-01-30 4.250 3.143
2020-02-01 4.083 3.184
2020-02-04 4.083 3.163
2020-02-06 4.083 3.224
2020-02-11 4.167 3.184
2020-02-14 4.042 3.918
2020-02-16 2.667 2.816
2020-02-21 3.250 2.327
2020-02-24 4.000 1.510
2020-03-02 4.500 1.510
2020-03-05 4.000 1.673
2020-03-07 4.250 1.878
2020-03-12 3.583 2.082
2020-03-15 4.000 1.347
2020-03-17 4.000 1.429
2020-03-20 2.500 1.918
2020-03-22 1.500 2.041
2020-03-25 1.000 3.184
2020-03-27 1.583 4.327
2020-03-30 1.250 5.388
2020-04-01 1.050 5.347
2020-04-04 0.933 5.939
2020-04-06 0.643 6.816
2020-04-09 0.839 7.959
2020-04-11 0.863 7.714
2020-04-14 1.008 8.816
2020-04-16 0.894 9.837
2020-04-19 0.979 10.306
2020-04-21 0.966 10.714
2020-04-24 1.040 10.061
2020-04-26 0.821 9.571
2020-04-29 0.903 8.510
2020-05-01 0.903 8.531
2020-05-04 0.855 8.918
2020-05-06 1.016 8.653
2020-05-09 0.790 8.224
2020-05-11 0.697 9.224
2020-05-14 0.597 9.204
2020-05-16 0.679 8.102
2020-05-19 0.685 7.939
2020-05-21 0.643 7.735
2020-05-24 0.688 7.347
2020-05-26 0.522 7.714
2020-05-29 0.604 8.633
2020-05-31 0.538 9.735
2020-06-03 0.538 9.673
2020-06-05 0.479 9.020
2020-06-08 0.492 8.755
2020-06-10 0.729 8.571
2020-06-13 0.721 7.857
2020-06-15 1.469 9.000
2020-06-18 1.596 9.224
2020-06-20 1.605 8.327
2020-06-23 1.403 9.367
2020-06-25 1.724 9.490
2020-06-28 1.768 8.571
2020-06-30 2.076 7.449
2020-07-03 2.517 6.367
2020-07-05 2.517 6.143
2020-07-08 2.567 5.816
2020-07-10 2.575 4.980
2020-07-13 2.525 4.939
2020-07-15 1.500 3.857
2020-07-18 1.833 3.612
2020-07-20 2.083 3.837
2020-07-23 2.500 3.408
2020-07-25 2.417 2.959
2020-07-28 2.533 3.776
