2015-07-06 0.000 0.041
2015-07-16 0.000 0.082
2015-07-26 0.000 0.102
2015-07-30 0.000 0.122
2015-08-02 6.000 1.122
2015-08-05 6.000 1.082
2015-08-12 3.000 2.082
2015-08-15 3.000 2.041
2015-08-19 3.333 2.204
2015-08-22 4.250 3.163
2015-08-25 4.250 3.143
2015-08-29 4.150 3.367
2015-09-01 3.333 2.367
2015-09-18 3.500 2.408
2015-09-21 1.000 1.449
2015-09-24 1.000 1.490
2015-09-28 1.833 1.531
2015-10-01 6.417 2.531
2015-10-11 11.333 1.531
2015-10-18 11.500 1.327
2015-10-24 12.000 1.286
2015-10-28 12.000 1.000
2015-11-27 3.000 0.286
2015-12-03 3.000 0.327
2015-12-07 3.000 0.367
2015-12-27 0.000 0.082
2015-12-30 4.000 0.878
2016-01-02 4.000 0.837
2016-01-06 4.000 0.796
2016-01-19 7.500 1.796
2016-01-26 6.833 1.837
2016-01-29 9.000 1.041
2016-02-18 0.000 0.041
2016-03-06 0.000 0.082
2016-03-09 6.500 1.020
2016-03-12 7.500 1.061
2016-03-26 7.833 1.327
2016-03-29 7.833 1.367
2016-04-01 7.333 1.408
2016-04-05 8.000 1.327
2016-04-08 2.333 0.429
2016-04-11 2.000 0.429
2016-04-18 6.500 1.388
2016-04-21 6.500 1.429
2016-04-25 7.000 1.163
2016-04-28 6.500 1.510
2016-05-05 6.500 1.796
2016-05-08 7.417 2.755
2016-05-15 7.333 2.776
2016-05-18 8.083 1.816
2016-05-21 8.167 1.776
2016-05-28 9.083 2.265
2016-05-31 9.167 2.224
2016-06-04 9.333 2.020
2016-06-07 14.000 1.918
2016-06-14 14.000 1.898
2016-06-27 16.000 1.020
2016-07-04 16.000 0.939
2016-07-07 6.000 0.755
2016-07-14 6.000 0.857
2016-07-24 6.000 0.898
2016-07-27 9.000 1.469
2016-08-03 9.000 1.531
2016-08-06 7.000 0.939
2016-08-09 7.500 0.918
2016-08-13 8.500 1.020
2016-08-16 10.200 2.020
2016-08-19 10.117 2.061
2016-08-23 10.150 2.327
2016-08-26 10.083 2.755
2016-09-02 10.083 2.776
2016-09-05 10.617 2.653
2016-09-08 10.533 2.673
2016-09-12 11.150 2.755
2016-09-15 11.050 2.755
2016-09-18 11.217 2.714
2016-09-22 11.167 2.429
2016-09-25 9.000 2.429
2016-10-02 9.333 2.347
2016-10-05 10.600 3.347
2016-10-08 10.433 3.306
2016-10-12 10.250 3.020
2016-10-15 10.333 2.020
2016-10-22 10.500 2.000
2016-10-25 14.000 1.000
2016-11-14 1.000 0.122
2016-11-24 1.500 0.163
2016-12-04 3.833 1.163
2016-12-14 4.500 1.122
2016-12-17 4.500 1.143
2016-12-24 4.000 1.102
2016-12-27 4.000 1.143
2016-12-31 4.000 1.367
2017-01-03 3.000 0.367
2017-01-13 1.000 0.327
2017-01-16 1.000 0.306
2017-01-30 0.000 0.082
2017-02-02 3.000 0.796
2017-02-12 5.000 0.959
2017-02-15 5.000 1.000
2017-02-25 5.000 0.959
2017-03-04 3.000 0.245
2017-03-14 6.000 1.020
2017-03-17 6.000 0.980
2017-03-24 6.000 1.490
2017-03-27 6.000 1.531
2017-03-31 5.500 1.612
2017-04-03 6.833 2.041
2017-04-13 7.500 1.061
2017-04-20 8.833 1.204
2017-04-23 9.333 0.694
2017-04-26 9.333 0.673
2017-04-30 9.667 0.898
2017-05-03 3.500 0.469
2017-05-06 3.500 0.490
2017-05-10 3.000 0.796
2017-05-13 2.917 0.857
2017-05-16 2.917 0.878
2017-05-20 2.000 0.735
2017-05-26 2.000 0.755
2017-05-30 2.000 0.510
2017-06-02 9.500 1.449
2017-06-05 9.500 1.469
2017-06-09 11.000 1.163
2017-06-12 11.000 1.102
2017-06-15 11.000 1.122
2017-06-19 10.500 1.388
2017-06-22 10.167 1.429
2017-06-25 10.167 1.388
2017-06-29 10.167 1.327
2017-07-02 4.000 0.388
2017-07-04 4.000 0.469
2017-07-05 4.000 0.429
2017-07-07 4.000 0.653
2017-07-14 3.833 0.735
2017-07-15 3.833 0.694
2017-07-17 3.833 1.082
2017-07-22 6.583 1.469
2017-08-03 7.167 1.388
2017-08-06 6.167 1.918
2017-08-13 5.833 1.959
2017-08-14 5.667 2.000
2017-08-16 6.500 1.612
2017-08-18 5.833 1.347
2017-08-21 8.833 1.673
2017-08-23 9.333 1.980
2017-08-26 9.333 2.000
2017-08-29 9.667 2.041
2017-09-03 9.917 2.082
2017-09-05 11.750 1.776
2017-09-10 12.033 1.980
2017-09-12 11.833 1.918
2017-09-13 12.083 1.878
2017-09-17 12.733 1.959
2017-09-20 9.400 1.408
2017-09-22 10.750 1.102
2017-09-23 10.583 1.122
2017-09-25 11.833 1.510
2017-09-27 11.950 1.796
2017-09-28 11.533 1.755
2017-10-03 11.200 1.755
2017-10-05 9.250 1.306
2017-10-10 9.833 1.102
2017-10-12 10.000 1.041
2017-10-15 12.167 2.041
2017-10-17 12.250 2.143
2017-10-18 12.250 2.184
2017-10-20 11.567 2.653
2017-10-23 11.567 2.633
2017-10-25 11.417 2.224
2017-10-27 10.833 1.939
2017-10-30 10.917 2.673
2017-11-01 10.583 2.735
2017-11-02 10.667 2.714
2017-11-04 9.583 3.490
2017-11-06 9.583 3.510
2017-11-07 9.583 3.531
2017-11-14 10.167 2.571
2017-11-16 8.167 2.408
2017-11-19 7.667 2.224
2017-11-29 6.333 1.755
2017-12-01 6.833 1.694
2017-12-02 6.833 1.673
2017-12-04 4.000 0.898
2017-12-06 4.000 0.878
2017-12-07 4.000 0.857
2017-12-09 4.000 0.878
2017-12-14 5.500 1.000
2017-12-16 5.333 1.082
2017-12-17 5.833 1.041
2017-12-19 4.000 0.551
2017-12-29 3.000 0.286
2018-01-01 3.000 0.327
2018-01-03 3.000 0.449
2018-01-08 4.000 0.490
2018-01-13 2.000 0.327
2018-01-15 1.000 0.224
2018-01-16 1.500 0.245
2018-01-21 1.333 0.286
2018-01-30 2.333 0.327
2018-01-31 2.500 0.286
2018-02-02 2.500 0.163
2018-02-05 2.333 0.204
2018-02-07 6.250 0.980
2018-02-09 6.750 1.224
2018-02-12 9.033 1.735
2018-02-14 8.283 2.020
2018-02-15 8.083 2.000
2018-02-20 8.333 2.000
2018-02-22 9.650 3.000
2018-02-24 11.133 3.286
2018-02-25 11.100 3.327
2018-02-27 9.698 4.327
2018-03-01 10.001 4.551
2018-03-04 9.895 5.286
2018-03-06 9.881 5.306
2018-03-07 9.899 5.265
2018-03-09 10.851 4.592
2018-03-11 10.750 4.347
2018-03-14 9.910 4.469
2018-03-16 10.400 4.184
2018-03-19 10.869 5.184
2018-03-22 10.726 5.143
2018-03-24 10.183 4.449
2018-03-26 8.667 4.388
2018-03-27 8.667 4.347
2018-03-29 10.000 3.449
2018-03-31 9.750 3.388
2018-04-03 10.650 2.653
2018-04-05 10.650 2.633
2018-04-06 10.650 2.673
2018-04-08 10.617 2.980
2018-04-10 10.533 3.061
2018-04-13 10.200 2.429
2018-04-15 10.733 2.653
2018-04-18 6.950 2.653
2018-04-20 6.779 2.939
2018-04-21 6.729 2.980
2018-04-23 6.562 3.265
2018-04-25 6.717 3.061
2018-04-28 6.983 2.959
2018-04-30 6.733 2.755
2018-05-03 6.950 3.102
2018-05-05 7.800 3.388
2018-05-08 6.700 3.918
2018-05-10 6.767 3.837
2018-05-11 6.862 3.878
2018-05-15 6.462 3.857
2018-05-18 7.533 3.673
2018-05-20 7.650 3.592
2018-05-21 7.817 3.592
2018-05-23 7.967 3.041
2018-05-25 7.900 3.184
2018-05-26 7.967 3.224
2018-05-28 9.614 3.980
2018-05-30 9.494 4.184
2018-06-02 8.877 3.837
2018-06-04 8.342 3.837
2018-06-05 8.542 3.796
2018-06-07 11.060 3.510
2018-06-09 11.500 3.796
2018-06-10 11.250 3.796
2018-06-14 11.452 3.592
2018-06-17 12.700 2.816
2018-06-19 13.033 2.612
2018-06-20 12.783 2.612
2018-06-22 12.717 2.653
2018-06-24 12.717 2.490
2018-06-25 12.467 2.449
2018-06-27 10.467 2.633
2018-06-29 10.650 2.714
2018-06-30 10.650 2.755
2018-07-02 10.286 3.755
2018-07-04 10.233 3.469
2018-07-05 10.233 3.510
2018-07-07 10.317 3.796
2018-07-09 9.350 3.653
2018-07-10 9.350 3.612
2018-07-12 8.450 4.204
2018-07-14 8.333 4.490
2018-07-15 8.333 4.531
2018-07-17 8.731 5.449
2018-07-19 8.826 5.531
2018-07-20 8.826 5.510
2018-07-22 8.733 6.408
2018-07-24 8.622 6.694
2018-07-25 8.622 6.735
2018-07-27 8.056 6.796
2018-07-29 7.922 6.510
2018-08-01 7.621 5.510
2018-08-03 7.633 5.796
2018-08-06 7.832 5.735
2018-08-08 8.076 5.612
2018-08-11 8.226 5.429
2018-08-13 8.321 5.163
2018-08-14 8.321 5.122
2018-08-16 7.352 4.939
2018-08-18 7.269 5.143
2018-08-19 7.269 5.122
2018-08-21 6.902 4.286
2018-08-23 7.083 4.143
2018-08-24 7.083 4.122
2018-08-26 7.217 3.837
2018-08-29 7.217 3.796
2018-08-31 7.217 3.816
2018-09-02 7.917 3.776
2018-09-03 7.917 3.735
2018-09-05 6.879 3.184
2018-09-07 6.617 3.163
2018-09-10 7.283 2.755
2018-09-12 7.367 2.837
2018-09-13 7.367 2.857
2018-09-15 7.183 2.082
2018-09-17 7.167 1.837
2018-09-18 7.167 1.878
2018-09-20 8.000 1.796
2018-09-22 7.533 1.776
2018-09-23 7.533 1.755
2018-09-25 9.417 1.714
2018-09-27 11.333 2.000
2018-09-30 11.183 2.980
2018-10-02 10.567 2.735
2018-10-05 9.850 3.347
2018-10-07 10.267 3.551
2018-10-10 10.421 4.551
2018-10-12 10.296 4.735
2018-10-13 10.263 4.755
2018-10-15 9.707 5.755
2018-10-17 9.773 5.980
2018-10-18 9.797 5.939
2018-10-20 10.533 6.816
2018-10-22 10.559 6.714
2018-10-25 11.161 6.041
2018-10-27 10.615 5.755
2018-10-30 10.864 4.755
2018-11-02 10.798 4.796
2018-11-04 11.067 3.796
2018-11-06 10.700 3.592
2018-11-07 10.633 3.633
2018-11-09 10.733 2.735
2018-11-11 10.100 2.449
2018-11-12 10.200 2.408
2018-11-14 12.533 2.143
2018-11-16 13.800 2.286
2018-11-17 13.533 2.367
2018-11-19 10.083 1.592
2018-11-21 10.083 1.653
2018-12-02 10.083 1.612
2018-12-04 11.608 3.143
2018-12-07 11.692 3.102
2018-12-09 11.233 3.041
2018-12-11 11.160 3.184
2018-12-14 11.450 2.449
2018-12-16 8.833 2.041
2018-12-17 9.500 1.959
2018-12-19 11.550 2.878
2018-12-21 11.650 2.796
2018-12-24 9.833 3.796
2018-12-26 9.750 4.000
2019-01-03 9.500 2.469
2019-01-08 9.833 2.449
2019-01-10 9.900 2.306
2019-01-18 9.417 1.776
2019-01-20 8.483 2.347
2019-01-21 8.483 2.429
2019-01-23 4.500 1.673
2019-01-25 4.500 1.469
2019-01-28 4.500 1.612
2019-01-31 4.500 1.653
2019-02-07 4.000 1.755
2019-02-09 4.000 1.776
2019-02-12 4.250 1.898
2019-02-14 4.200 2.204
2019-02-15 4.200 2.245
2019-02-17 6.700 3.143
2019-02-19 6.833 2.755
2019-02-20 6.833 2.673
2019-02-22 6.700 2.592
2019-02-24 7.710 3.163
2019-02-25 7.710 3.245
2019-02-27 7.980 5.143
2019-03-02 7.980 5.102
2019-03-09 8.230 4.980
2019-03-11 8.230 4.959
2019-03-14 8.186 5.122
2019-03-16 8.507 4.816
2019-03-17 8.507 4.857
2019-03-19 7.940 5.367
2019-03-21 7.750 5.714
2019-03-22 7.750 5.796
2019-03-24 7.817 6.449
2019-03-26 7.333 5.878
2019-03-27 7.333 5.796
2019-03-29 7.500 5.796
2019-04-01 7.500 5.878
2019-04-08 7.292 7.755
2019-04-10 7.558 8.327
2019-04-11 7.701 8.367
2019-04-13 7.868 8.082
2019-04-15 8.094 8.653
2019-04-18 8.505 8.735
2019-04-20 8.771 8.776
2019-04-23 9.052 8.245
2019-04-25 8.987 8.327
2019-04-28 8.983 6.286
2019-04-30 9.158 6.653
2019-05-01 9.192 6.571
2019-05-03 9.192 6.592
2019-05-08 9.682 4.714
2019-05-10 9.831 4.143
2019-05-11 9.581 4.102
2019-05-13 8.137 5.755
2019-05-15 8.312 5.592
2019-05-16 8.598 5.551
2019-05-18 9.833 4.469
2019-05-20 10.033 3.898
2019-05-21 10.283 3.816
2019-05-23 9.406 3.898
2019-05-25 9.419 3.898
2019-05-30 9.417 3.531
2019-06-02 10.483 4.469
2019-06-04 10.761 4.837
2019-06-05 10.589 4.918
2019-06-07 12.506 6.469
2019-06-09 12.102 7.041
2019-06-12 14.190 5.388
2019-06-14 13.713 5.184
2019-06-15 13.485 5.143
2019-06-17 13.164 5.612
2019-06-19 13.168 5.735
2019-06-22 13.379 6.510
2019-06-24 13.763 6.755
2019-06-25 13.763 6.837
2019-06-27 13.168 7.918
2019-06-29 13.115 8.286
2019-06-30 13.115 8.306
2019-07-02 13.014 8.388
2019-07-04 12.636 8.429
2019-07-05 12.636 8.388
2019-07-07 11.376 6.837
2019-07-09 11.822 6.265
2019-07-12 11.720 6.510
2019-07-14 11.831 6.306
2019-07-17 11.099 4.878
2019-07-19 10.882 5.020
2019-07-22 10.238 4.286
2019-07-24 10.169 4.571
2019-07-27 9.544 3.939
2019-07-29 9.261 3.694
2019-07-30 9.204 3.755
2019-08-01 7.017 2.837
2019-08-03 7.517 2.429
2019-08-04 7.517 2.469
2019-08-06 7.564 2.551
2019-08-11 7.898 2.306
2019-08-14 8.148 2.388
2019-08-18 8.550 2.122
2019-08-21 13.806 2.776
2019-08-23 13.437 2.571
2019-08-24 13.659 2.571
2019-08-26 11.445 3.776
2019-08-28 10.833 3.898
2019-08-31 9.730 5.429
2019-09-02 9.693 5.755
2019-09-03 9.794 5.673
2019-09-05 10.348 5.755
2019-09-07 10.301 5.857
2019-09-10 11.302 7.388
2019-09-13 11.133 7.327
2019-09-15 11.643 8.327
2019-09-18 11.603 8.367
2019-09-20 12.763 8.959
2019-09-22 12.560 8.918
2019-09-23 12.410 8.837
2019-09-25 13.109 7.184
2019-09-27 13.526 7.020
2019-09-28 13.610 6.939
2019-09-30 15.111 5.286
2019-10-02 15.218 5.020
2019-10-05 14.859 4.857
2019-10-07 14.841 4.755
2019-10-10 14.550 3.918
2019-10-12 15.917 4.020
2019-10-13 15.917 4.041
2019-10-15 15.417 3.041
2019-10-18 15.417 3.000
2019-10-20 7.500 1.347
2019-10-22 5.833 0.980
2019-10-23 5.833 1.061
2019-10-25 7.333 1.694
2019-10-27 7.000 1.612
2019-10-30 6.500 1.735
2019-11-01 7.500 1.673
2019-11-04 8.000 1.776
2019-11-09 7.500 1.082
2019-11-11 5.500 0.980
2019-11-12 5.500 0.939
2019-11-16 5.500 1.000
2019-11-22 5.500 0.959
2019-11-24 4.667 0.673
2019-11-29 8.000 1.592
2019-12-04 9.133 3.000
2019-12-09 8.967 3.041
2019-12-12 8.717 3.082
2019-12-14 8.167 3.408
2019-12-16 8.300 3.347
2019-12-19 7.626 5.000
2019-12-21 7.715 5.020
2019-12-22 7.749 4.980
2019-12-24 7.817 4.633
2019-12-27 7.760 4.714
2019-12-29 7.767 3.776
2020-01-01 7.767 3.816
2020-01-03 6.833 2.347
2020-01-06 6.833 2.429
2020-01-08 6.833 2.388
2020-01-11 6.833 2.347
2020-01-13 6.833 2.408
2020-01-15 6.583 2.490
2020-01-16 6.583 2.531
2020-01-18 5.333 0.878
2020-01-20 4.333 0.857
2020-01-21 4.333 0.898
2020-01-26 4.333 0.857
2020-01-28 3.333 0.755
2020-01-31 3.333 0.714
2020-02-02 3.333 0.755
2020-02-05 3.333 0.673
2020-02-07 11.250 2.327
2020-02-12 10.667 1.959
2020-02-14 10.667 1.878
2020-02-15 10.667 1.857
2020-02-17 9.167 3.245
2020-02-20 9.167 3.204
2020-02-25 9.167 3.245
2020-02-29 9.167 3.449
2020-03-03 9.767 3.837
2020-03-08 9.583 2.469
2020-03-13 10.083 2.592
2020-03-15 9.583 2.878
2020-03-16 9.583 2.857
2020-03-18 7.733 2.531
2020-03-21 8.050 2.612
2020-03-23 5.576 4.265
2020-03-25 5.361 4.633
2020-03-28 4.821 6.102
2020-03-30 4.432 6.224
2020-03-31 4.543 6.306
2020-04-02 3.853 6.020
2020-04-04 3.754 6.551
2020-04-05 3.837 6.633
2020-04-07 3.202 7.429
2020-04-09 3.142 8.000
2020-04-10 3.071 8.082
2020-04-12 2.448 9.408
2020-04-14 2.316 9.122
2020-04-15 2.293 9.163
2020-04-17 2.119 9.755
2020-04-19 2.119 9.837
2020-04-20 2.008 9.837
2020-04-22 1.905 9.265
2020-04-24 1.828 9.245
2020-04-25 1.856 9.204
2020-04-27 1.359 8.714
2020-04-29 1.387 8.388
2020-04-30 1.274 8.306
2020-05-02 1.358 8.224
2020-05-04 1.398 7.694
2020-05-05 1.256 7.694
2020-05-07 1.439 8.265
2020-05-09 1.489 7.714
2020-05-10 1.489 7.633
2020-05-12 1.869 6.163
2020-05-14 1.958 6.429
2020-05-17 1.543 5.245
2020-05-19 1.525 5.347
2020-05-20 1.525 5.265
2020-05-22 1.343 4.184
2020-05-24 1.417 3.837
2020-05-25 1.417 3.796
2020-05-27 1.243 4.327
2020-05-29 1.154 4.898
2020-05-30 1.154 4.980
2020-06-01 1.392 6.531
2020-06-03 1.726 6.612
2020-06-04 1.726 6.531
2020-06-06 1.376 5.224
2020-06-08 1.376 5.204
2020-06-13 1.344 4.939
2020-06-14 1.344 4.898
2020-06-16 1.400 4.469
2020-06-18 1.400 4.327
2020-06-19 1.400 4.367
2020-06-21 1.400 4.755
2020-06-23 1.525 5.122
2020-06-24 1.525 5.163
2020-06-26 3.194 5.306
2020-06-28 3.350 4.735
2020-06-29 3.350 4.653
2020-07-01 3.750 3.000
2020-07-03 3.750 2.918
2020-07-06 4.400 2.694
2020-07-08 4.400 2.714
2020-07-11 4.286 2.918
2020-07-13 3.886 3.490
2020-07-16 3.886 3.449
2020-07-18 3.714 3.490
2020-07-19 3.714 3.449
2020-07-21 3.183 4.122
2020-07-23 3.369 4.327
2020-07-26 4.733 3.796
2020-07-28 4.733 3.837
