2015-08-01 4.000 0.469
2015-08-08 8.167 1.082
2015-08-11 8.167 1.204
2015-08-28 11.333 2.041
2015-08-31 10.833 1.571
2015-09-07 7.000 0.959
2015-09-10 11.000 1.837
2015-09-17 12.333 2.531
2015-09-27 14.500 1.694
2015-09-30 16.833 2.694
2015-10-10 19.500 1.694
2015-10-17 20.000 1.000
2015-10-20 19.000 1.245
2015-10-30 5.000 0.245
2015-11-16 5.000 0.265
2015-11-19 0.000 0.020
2015-11-26 12.000 0.612
2015-12-09 11.667 2.612
2015-12-16 11.667 2.673
2015-12-26 10.000 2.082
2015-12-29 11.333 2.796
2016-01-05 11.750 3.102
2016-01-08 10.500 1.102
2016-01-15 10.500 1.020
2016-01-25 10.500 1.041
2016-01-28 5.000 0.327
2016-02-04 0.000 0.020
2016-02-14 0.000 0.184
2016-02-24 0.000 0.163
2016-03-25 19.000 0.980
2016-03-28 17.500 1.184
2016-04-04 17.500 1.245
2016-04-14 18.000 1.571
2016-04-17 17.000 1.755
2016-04-24 7.500 0.837
2016-04-27 13.000 0.959
2016-05-04 15.833 1.878
2016-05-07 17.167 2.224
2016-05-14 16.750 1.898
2016-05-17 16.583 1.714
2016-05-24 16.833 1.653
2016-05-27 15.000 1.816
2016-06-03 9.500 0.837
2016-06-06 16.000 1.388
2016-06-26 17.000 0.959
2016-07-03 19.000 1.122
2016-07-06 15.000 1.082
2016-07-13 15.500 1.122
2016-07-16 16.000 1.490
2016-07-23 16.583 1.878
2016-07-26 16.583 1.837
2016-08-02 16.500 1.673
2016-08-05 11.833 0.837
2016-08-12 18.583 1.776
2016-08-15 18.333 2.265
2016-08-22 17.083 1.959
2016-08-25 16.867 2.469
2016-09-01 17.450 2.592
2016-09-04 17.500 2.571
2016-09-11 16.333 2.571
2016-09-14 15.167 2.510
2016-09-21 15.183 2.714
2016-09-24 16.450 2.429
2016-10-01 15.333 2.306
2016-10-04 14.067 3.286
2016-10-11 13.900 2.939
2016-10-14 12.917 2.143
2016-10-21 12.167 1.857
2016-10-24 11.500 1.673
2016-10-31 11.667 1.898
2016-11-03 13.000 1.000
2016-11-10 3.000 0.367
2016-11-13 14.833 1.163
2016-11-23 13.833 1.122
2016-11-30 13.667 1.857
2016-12-03 14.500 2.061
2016-12-13 13.000 1.265
2016-12-20 13.500 1.837
2016-12-23 13.500 1.816
2016-12-30 13.000 1.061
2017-01-02 15.667 1.776
2017-01-12 15.667 1.837
2017-01-19 16.167 2.061
2017-01-29 15.500 1.918
2017-02-01 16.000 0.918
2017-02-11 16.000 0.857
2017-02-18 0.000 0.061
2017-02-28 6.000 0.510
2017-03-13 6.000 0.531
2017-03-30 0.000 0.061
2017-04-02 6.000 0.449
2017-04-09 15.500 1.429
2017-04-12 15.500 1.408
2017-04-19 13.833 2.163
2017-04-22 13.667 2.286
2017-04-29 13.667 2.245
2017-05-02 12.833 1.898
2017-05-09 8.500 0.918
2017-05-19 1.000 0.163
2017-05-22 18.000 0.980
2017-05-29 17.500 1.020
2017-06-01 16.833 1.245
2017-06-11 17.917 1.857
2017-06-18 18.400 2.490
2017-06-21 14.417 1.714
2017-06-28 14.500 1.673
2017-07-01 15.000 1.429
2017-07-06 17.917 2.061
2017-07-11 17.167 1.449
2017-07-13 17.333 1.469
2017-07-18 10.917 1.122
2017-07-21 11.833 1.143
2017-07-28 10.833 1.184
2017-07-31 14.183 1.816
2017-08-05 13.267 1.265
2017-08-10 12.767 1.286
2017-08-12 12.667 1.265
2017-08-15 14.667 1.816
2017-08-17 17.167 1.918
2017-08-20 17.917 1.776
2017-08-25 19.650 2.633
2017-08-27 16.983 3.571
2017-08-30 15.500 2.918
2017-09-01 16.617 3.898
2017-09-04 16.300 3.816
2017-09-09 16.667 4.020
2017-09-11 16.983 4.327
2017-09-14 17.633 3.776
2017-09-16 17.217 3.388
2017-09-19 17.000 3.408
2017-09-24 18.050 3.551
2017-09-26 19.833 2.633
2017-10-01 21.000 1.653
2017-10-06 20.333 2.633
2017-10-09 20.167 2.531
2017-10-11 20.000 2.224
2017-10-14 19.833 2.490
2017-10-16 19.417 2.939
2017-10-19 19.750 2.878
2017-10-21 20.533 3.224
2017-10-24 21.417 2.224
2017-10-26 21.583 2.163
2017-10-29 21.000 2.327
2017-11-03 16.567 3.306
2017-11-05 14.483 3.306
2017-11-08 14.183 3.184
2017-11-10 13.117 3.898
2017-11-13 13.376 4.204
2017-11-15 13.517 3.755
2017-11-18 13.483 3.857
2017-11-20 12.517 3.510
2017-11-23 12.876 4.490
2017-11-25 12.275 5.224
2017-11-28 12.798 5.980
2017-11-30 12.555 6.510
2017-12-03 12.976 5.531
2017-12-05 12.367 4.551
2017-12-08 12.440 5.286
2017-12-10 13.283 4.571
2017-12-13 12.467 4.000
2017-12-15 13.800 4.551
2017-12-18 15.493 5.449
2017-12-23 15.683 4.469
2017-12-25 17.267 3.735
2017-12-28 15.267 3.816
2017-12-30 16.250 4.000
2018-01-04 16.067 4.224
2018-01-07 16.517 4.490
2018-01-14 15.583 3.939
2018-01-17 12.450 3.939
2018-01-19 12.133 4.878
2018-01-22 12.150 5.388
2018-01-27 12.633 4.388
2018-01-29 11.917 3.673
2018-02-01 12.167 4.653
2018-02-03 12.150 4.429
2018-02-06 11.983 3.939
2018-02-08 12.250 4.163
2018-02-11 12.538 5.041
2018-02-16 14.645 5.000
2018-02-18 15.814 4.857
2018-02-21 16.050 4.347
2018-02-26 15.636 4.612
2018-02-28 15.569 4.673
2018-03-03 16.100 3.694
2018-03-05 16.764 4.061
2018-03-08 16.667 3.551
2018-03-10 16.300 3.327
2018-03-13 16.583 2.673
2018-03-18 15.167 1.714
2018-03-20 11.167 1.367
2018-03-23 12.083 1.510
2018-03-28 10.667 1.245
2018-03-30 10.833 1.184
2018-04-04 6.000 0.816
2018-04-12 6.500 0.592
2018-04-14 13.000 0.939
2018-04-17 14.500 1.061
2018-04-19 18.000 1.592
2018-04-22 17.750 2.449
2018-05-04 18.617 3.224
2018-05-07 18.900 4.224
2018-05-09 18.107 5.204
2018-05-14 18.533 5.449
2018-05-17 18.048 6.327
2018-05-19 18.048 6.327
2018-05-22 17.619 6.306
2018-05-24 17.310 7.082
2018-05-27 17.931 7.776
2018-06-03 17.448 7.531
2018-06-06 17.335 7.367
2018-06-08 17.898 6.673
2018-06-11 18.182 7.673
2018-06-13 17.485 7.429
2018-06-16 17.300 6.429
2018-06-18 16.885 6.429
2018-06-21 17.742 5.633
2018-06-23 17.845 4.939
2018-06-26 16.757 5.245
2018-06-28 16.200 6.224
2018-07-01 16.213 7.224
2018-07-03 16.003 7.673
2018-07-06 16.715 7.673
2018-07-08 16.426 7.490
2018-07-11 15.813 6.490
2018-07-13 15.821 7.122
2018-07-16 15.937 7.714
2018-07-18 16.125 6.735
2018-07-21 15.290 7.061
2018-07-23 15.650 7.122
2018-07-26 16.288 6.816
2018-07-28 15.866 6.633
2018-07-31 15.392 5.837
2018-08-02 14.056 5.837
2018-08-05 12.917 6.000
2018-08-07 12.500 6.857
2018-08-12 12.086 5.939
2018-08-15 11.279 5.347
2018-08-20 11.979 4.837
2018-08-22 11.883 4.694
2018-08-25 10.833 4.633
2018-08-27 11.467 3.837
2018-08-30 13.650 4.163
2018-09-01 14.050 4.163
2018-09-04 12.783 3.184
2018-09-06 13.667 3.122
2018-09-11 13.867 3.061
2018-09-14 13.850 3.122
2018-09-16 13.683 3.653
2018-09-19 13.650 3.694
2018-09-21 14.352 4.245
2018-09-24 14.386 4.612
2018-09-26 15.339 5.592
2018-09-29 15.313 5.980
2018-10-01 16.826 5.980
2018-10-04 17.081 6.082
2018-10-06 17.214 5.184
2018-10-09 17.595 6.184
2018-10-11 17.102 6.959
2018-10-14 17.088 6.898
2018-10-16 17.894 7.347
2018-10-19 17.769 8.306
2018-10-21 17.505 8.735
2018-10-24 18.990 8.245
2018-10-26 19.046 7.592
2018-10-29 18.415 7.531
2018-10-31 18.980 7.531
2018-11-03 18.213 8.122
2018-11-05 18.161 8.245
2018-11-08 17.575 8.469
2018-11-10 17.232 8.184
2018-11-13 16.285 9.755
2018-11-15 15.973 9.000
2018-11-18 16.581 9.000
2018-11-20 17.042 8.020
2018-11-23 16.008 7.510
2018-11-25 15.594 7.286
2018-11-28 15.243 6.429
2018-11-30 14.664 6.429
2018-12-03 14.351 6.122
2018-12-05 14.524 6.000
2018-12-08 15.362 5.776
2018-12-10 15.751 5.388
2018-12-13 17.808 4.857
2018-12-15 17.693 4.633
2018-12-18 17.100 3.633
2018-12-20 16.602 4.327
2018-12-25 16.677 4.367
2018-12-30 16.283 3.449
2019-01-02 17.017 3.265
2019-01-04 16.971 3.469
2019-01-07 16.850 2.469
2019-01-09 18.364 3.204
2019-01-12 17.650 2.163
2019-01-14 17.650 2.224
2019-01-17 18.902 3.796
2019-01-19 18.567 3.184
2019-01-22 16.076 4.673
2019-01-24 16.076 4.531
2019-01-27 15.976 4.735
2019-01-29 15.587 4.694
2019-02-01 15.512 4.469
2019-02-03 14.465 5.163
2019-02-06 14.599 5.184
2019-02-08 12.783 4.347
2019-02-11 15.150 5.694
2019-02-13 15.523 5.776
2019-02-16 14.938 4.204
2019-02-18 14.867 4.122
2019-02-21 15.817 3.184
2019-02-23 14.500 4.694
2019-02-26 15.373 6.061
2019-02-28 15.252 6.163
2019-03-05 16.304 6.816
2019-03-08 16.304 6.796
2019-03-10 15.804 6.898
2019-03-13 14.060 6.000
2019-03-15 13.917 5.857
2019-03-18 13.583 5.898
2019-03-23 13.600 5.633
2019-03-25 15.183 5.510
2019-03-28 14.500 4.265
2019-03-30 15.833 5.510
2019-04-04 16.042 4.102
2019-04-09 16.500 4.000
2019-04-12 16.750 3.551
2019-04-14 16.750 3.633
2019-04-17 14.750 5.143
2019-04-19 15.642 6.082
2019-04-22 15.276 6.980
2019-04-24 14.458 5.592
2019-04-27 14.075 5.265
2019-04-29 12.917 3.898
2019-05-02 12.583 4.143
2019-05-04 14.260 4.245
2019-05-07 14.260 4.286
2019-05-09 14.593 4.306
2019-05-12 16.919 5.245
2019-05-14 16.957 6.143
2019-05-17 18.611 4.592
2019-05-19 18.094 3.653
2019-05-22 18.833 2.735
2019-05-24 18.293 3.020
2019-06-01 18.281 4.020
2019-06-03 17.931 3.918
2019-06-06 17.888 4.163
2019-06-08 17.738 4.163
2019-06-11 16.004 3.224
2019-06-13 15.126 2.245
2019-06-16 15.126 2.265
2019-06-21 15.293 2.082
2019-06-23 15.233 1.796
2019-06-28 17.167 2.776
2019-07-01 17.833 2.959
2019-07-03 18.417 2.816
2019-07-06 19.667 2.531
2019-07-08 19.667 2.510
2019-07-11 18.833 3.000
2019-07-16 18.919 3.653
2019-07-21 18.967 3.571
2019-07-23 19.181 4.551
2019-07-28 19.267 3.571
2019-07-31 18.917 2.143
2019-08-02 17.867 2.265
2019-08-05 18.100 2.714
2019-08-07 16.600 2.878
2019-08-10 17.217 2.469
2019-08-15 16.500 1.796
2019-08-17 16.950 1.939
2019-08-20 16.476 2.122
2019-08-22 13.067 2.612
2019-08-25 14.005 4.184
2019-08-27 14.831 5.163
2019-08-30 14.826 5.306
2019-09-01 15.390 5.347
2019-09-04 14.458 6.306
2019-09-06 14.629 6.143
2019-09-09 14.351 6.286
2019-09-14 14.483 7.286
2019-09-16 14.458 7.143
2019-09-19 15.093 8.531
2019-09-21 15.792 8.041
2019-09-24 16.108 6.510
2019-09-26 15.682 6.041
2019-09-29 15.706 5.898
2019-10-01 15.730 5.959
2019-10-04 16.937 4.551
2019-10-09 16.946 5.327
2019-10-11 16.923 5.347
2019-10-14 17.564 4.347
2019-10-19 17.533 3.633
2019-10-21 10.600 2.653
2019-10-24 10.683 2.612
2019-10-26 10.667 2.102
2019-10-29 10.217 2.653
2019-10-31 10.167 2.429
2019-11-03 10.767 3.061
2019-11-08 9.533 2.143
2019-11-10 10.500 2.959
2019-11-13 9.850 3.673
2019-11-18 9.583 3.633
2019-11-28 9.417 3.082
2019-11-30 13.658 4.245
2019-12-03 14.275 4.388
2019-12-08 14.898 5.245
2019-12-10 16.117 4.408
2019-12-13 18.033 4.061
2019-12-15 17.038 4.959
2019-12-18 16.650 4.286
2019-12-23 16.657 5.286
2019-12-25 14.346 6.245
2019-12-30 12.327 6.061
2020-01-02 12.419 5.367
2020-01-04 12.835 5.755
2020-01-07 12.488 4.878
2020-01-09 12.921 5.592
2020-01-12 11.885 5.571
2020-01-14 12.014 4.673
2020-01-17 12.200 4.551
2020-01-19 13.433 5.510
2020-01-22 12.517 4.510
2020-01-24 15.300 3.551
2020-01-27 15.133 3.653
2020-01-29 16.286 4.204
2020-02-01 14.876 4.694
2020-02-03 14.338 4.735
2020-02-06 13.594 6.245
2020-02-08 13.412 5.755
2020-02-11 13.425 6.061
2020-02-13 13.325 6.184
2020-02-16 13.352 6.265
2020-02-18 13.123 5.959
2020-02-23 13.123 5.980
2020-02-26 13.253 5.959
2020-02-28 12.041 4.429
2020-03-02 11.095 4.449
2020-03-04 11.373 4.041
2020-03-07 10.326 2.469
2020-03-09 9.467 2.327
2020-03-12 13.200 2.551
2020-03-14 13.200 2.429
2020-03-17 13.300 2.776
2020-03-19 10.250 2.122
2020-03-22 8.183 3.020
2020-03-24 6.264 4.551
2020-03-27 6.555 5.469
2020-03-29 6.277 5.653
2020-04-01 7.007 5.061
2020-04-03 7.007 5.041
2020-04-06 6.640 5.408
2020-04-08 6.123 5.837
2020-04-11 3.799 5.918
2020-04-16 3.559 7.041
2020-04-21 2.871 7.714
2020-04-23 2.868 7.143
2020-04-26 1.490 7.143
2020-04-28 1.518 6.959
2020-05-01 1.518 7.041
2020-05-06 1.636 7.673
2020-05-08 1.678 7.327
2020-05-11 1.931 6.694
2020-05-16 1.610 5.122
2020-05-18 1.436 5.714
2020-05-21 1.183 5.143
2020-05-23 0.833 4.306
2020-05-26 1.417 3.551
2020-05-28 1.433 5.102
2020-05-31 2.060 6.592
2020-06-02 2.215 6.837
2020-06-05 2.300 5.837
2020-06-07 2.300 5.673
2020-06-10 2.300 5.347
2020-06-15 1.989 6.122
2020-06-17 2.383 5.592
2020-06-20 2.969 4.653
2020-06-22 2.633 5.449
2020-06-25 3.164 6.776
2020-06-27 3.519 5.224
2020-06-30 3.733 3.653
2020-07-02 3.667 3.429
2020-07-05 2.850 4.408
2020-07-10 2.969 4.694
2020-07-12 2.969 4.776
2020-07-15 3.383 4.000
2020-07-17 3.245 4.224
2020-07-20 3.946 5.571
2020-07-22 4.339 5.510
2020-07-25 4.242 3.939
2020-07-27 4.104 4.061
